
  .   ____          _            __ _ _
 /\\ / ___'_ __ _ _(_)_ __  __ _ \ \ \ \
( ( )\___ | '_ | '_| | '_ \/ _` | \ \ \ \
 \\/  ___)| |_)| | | | | || (_| |  ) ) ) )
  '  |____| .__|_| |_|_| |_\__, | / / / /
 =========|_|==============|___/=/_/_/_/

 :: Spring Boot ::                (v3.3.2)

2025-01-10T13:49:49.282Z  INFO 12628 --- [api-gateway] [           main] c.d.apigateway.ApiGatewayApplication     : Starting ApiGatewayApplication v1.0-SNAPSHOT using Java 23.0.1 with PID 12628 (C:\Users\YASH\Desktop\App22\dist\api.jar started by YASH in C:\Users\YASH\Desktop\App22\dist)
2025-01-10T13:49:49.289Z  INFO 12628 --- [api-gateway] [           main] c.d.apigateway.ApiGatewayApplication     : No active profile set, falling back to 1 default profile: "default"
2025-01-10T13:49:50.870Z TRACE 12628 --- [api-gateway] [           main] o.s.c.g.c.c.OnEnabledGlobalFilter        : Condition OnEnabledGlobalFilter on org.springframework.cloud.gateway.config.GatewayReactiveLoadBalancerClientAutoConfiguration#gatewayLoadBalancerClientFilter matched
2025-01-10T13:49:50.876Z TRACE 12628 --- [api-gateway] [           main] o.s.c.g.c.c.OnEnabledGlobalFilter        : Condition OnEnabledGlobalFilter on org.springframework.cloud.gateway.config.GatewayReactiveLoadBalancerClientAutoConfiguration#loadBalancerServiceInstanceCookieFilter matched
2025-01-10T13:49:50.893Z TRACE 12628 --- [api-gateway] [           main] o.s.c.g.c.c.OnEnabledGlobalFilter        : Condition OnEnabledGlobalFilter on org.springframework.cloud.gateway.config.GatewayAutoConfiguration$NettyConfiguration#routingFilter matched
2025-01-10T13:49:50.894Z TRACE 12628 --- [api-gateway] [           main] o.s.c.g.c.c.OnEnabledGlobalFilter        : Condition OnEnabledGlobalFilter on org.springframework.cloud.gateway.config.GatewayAutoConfiguration$NettyConfiguration#nettyWriteResponseFilter matched
2025-01-10T13:49:50.895Z TRACE 12628 --- [api-gateway] [           main] o.s.c.g.c.c.OnEnabledGlobalFilter        : Condition OnEnabledGlobalFilter on org.springframework.cloud.gateway.config.GatewayAutoConfiguration$NettyConfiguration#reactorNettyWebSocketClient matched
2025-01-10T13:49:50.895Z TRACE 12628 --- [api-gateway] [           main] o.s.c.g.c.c.OnEnabledGlobalFilter        : Condition OnEnabledGlobalFilter on org.springframework.cloud.gateway.config.GatewayAutoConfiguration$NettyConfiguration#reactorNettyRequestUpgradeStrategy matched
2025-01-10T13:49:50.930Z TRACE 12628 --- [api-gateway] [           main] o.s.c.g.c.c.OnEnabledGlobalFilter        : Condition OnEnabledGlobalFilter on org.springframework.cloud.gateway.config.GatewayAutoConfiguration#adaptCachedBodyGlobalFilter matched
2025-01-10T13:49:50.931Z TRACE 12628 --- [api-gateway] [           main] o.s.c.g.c.c.OnEnabledGlobalFilter        : Condition OnEnabledGlobalFilter on org.springframework.cloud.gateway.config.GatewayAutoConfiguration#removeCachedBodyFilter matched
2025-01-10T13:49:50.932Z TRACE 12628 --- [api-gateway] [           main] o.s.c.g.c.c.OnEnabledGlobalFilter        : Condition OnEnabledGlobalFilter on org.springframework.cloud.gateway.config.GatewayAutoConfiguration#routeToRequestUrlFilter matched
2025-01-10T13:49:50.932Z TRACE 12628 --- [api-gateway] [           main] o.s.c.g.c.c.OnEnabledGlobalFilter        : Condition OnEnabledGlobalFilter on org.springframework.cloud.gateway.config.GatewayAutoConfiguration#forwardRoutingFilter matched
2025-01-10T13:49:50.933Z TRACE 12628 --- [api-gateway] [           main] o.s.c.g.c.c.OnEnabledGlobalFilter        : Condition OnEnabledGlobalFilter on org.springframework.cloud.gateway.config.GatewayAutoConfiguration#forwardPathFilter matched
2025-01-10T13:49:50.933Z TRACE 12628 --- [api-gateway] [           main] o.s.c.g.c.c.OnEnabledGlobalFilter        : Condition OnEnabledGlobalFilter on org.springframework.cloud.gateway.config.GatewayAutoConfiguration#webSocketService matched
2025-01-10T13:49:50.934Z TRACE 12628 --- [api-gateway] [           main] o.s.c.g.c.c.OnEnabledGlobalFilter        : Condition OnEnabledGlobalFilter on org.springframework.cloud.gateway.config.GatewayAutoConfiguration#websocketRoutingFilter matched
2025-01-10T13:49:50.934Z TRACE 12628 --- [api-gateway] [           main] o.s.c.g.c.c.OnEnabledPredicate           : Condition OnEnabledPredicate on org.springframework.cloud.gateway.config.GatewayAutoConfiguration#weightCalculatorWebFilter matched
2025-01-10T13:49:50.935Z TRACE 12628 --- [api-gateway] [           main] o.s.c.g.c.c.OnEnabledPredicate           : Condition OnEnabledPredicate on org.springframework.cloud.gateway.config.GatewayAutoConfiguration#afterRoutePredicateFactory matched
2025-01-10T13:49:50.936Z TRACE 12628 --- [api-gateway] [           main] o.s.c.g.c.c.OnEnabledPredicate           : Condition OnEnabledPredicate on org.springframework.cloud.gateway.config.GatewayAutoConfiguration#beforeRoutePredicateFactory matched
2025-01-10T13:49:50.936Z TRACE 12628 --- [api-gateway] [           main] o.s.c.g.c.c.OnEnabledPredicate           : Condition OnEnabledPredicate on org.springframework.cloud.gateway.config.GatewayAutoConfiguration#betweenRoutePredicateFactory matched
2025-01-10T13:49:50.937Z TRACE 12628 --- [api-gateway] [           main] o.s.c.g.c.c.OnEnabledPredicate           : Condition OnEnabledPredicate on org.springframework.cloud.gateway.config.GatewayAutoConfiguration#cookieRoutePredicateFactory matched
2025-01-10T13:49:50.937Z TRACE 12628 --- [api-gateway] [           main] o.s.c.g.c.c.OnEnabledPredicate           : Condition OnEnabledPredicate on org.springframework.cloud.gateway.config.GatewayAutoConfiguration#headerRoutePredicateFactory matched
2025-01-10T13:49:50.937Z TRACE 12628 --- [api-gateway] [           main] o.s.c.g.c.c.OnEnabledPredicate           : Condition OnEnabledPredicate on org.springframework.cloud.gateway.config.GatewayAutoConfiguration#hostRoutePredicateFactory matched
2025-01-10T13:49:50.938Z TRACE 12628 --- [api-gateway] [           main] o.s.c.g.c.c.OnEnabledPredicate           : Condition OnEnabledPredicate on org.springframework.cloud.gateway.config.GatewayAutoConfiguration#methodRoutePredicateFactory matched
2025-01-10T13:49:50.938Z TRACE 12628 --- [api-gateway] [           main] o.s.c.g.c.c.OnEnabledPredicate           : Condition OnEnabledPredicate on org.springframework.cloud.gateway.config.GatewayAutoConfiguration#pathRoutePredicateFactory matched
2025-01-10T13:49:50.938Z TRACE 12628 --- [api-gateway] [           main] o.s.c.g.c.c.OnEnabledPredicate           : Condition OnEnabledPredicate on org.springframework.cloud.gateway.config.GatewayAutoConfiguration#queryRoutePredicateFactory matched
2025-01-10T13:49:50.939Z TRACE 12628 --- [api-gateway] [           main] o.s.c.g.c.c.OnEnabledPredicate           : Condition OnEnabledPredicate on org.springframework.cloud.gateway.config.GatewayAutoConfiguration#readBodyPredicateFactory matched
2025-01-10T13:49:50.939Z TRACE 12628 --- [api-gateway] [           main] o.s.c.g.c.c.OnEnabledPredicate           : Condition OnEnabledPredicate on org.springframework.cloud.gateway.config.GatewayAutoConfiguration#remoteAddrRoutePredicateFactory matched
2025-01-10T13:49:50.939Z TRACE 12628 --- [api-gateway] [           main] o.s.c.g.c.c.OnEnabledPredicate           : Condition OnEnabledPredicate on org.springframework.cloud.gateway.config.GatewayAutoConfiguration#xForwardedRemoteAddrRoutePredicateFactory matched
2025-01-10T13:49:50.940Z TRACE 12628 --- [api-gateway] [           main] o.s.c.g.c.c.OnEnabledPredicate           : Condition OnEnabledPredicate on org.springframework.cloud.gateway.config.GatewayAutoConfiguration#weightRoutePredicateFactory matched
2025-01-10T13:49:50.940Z TRACE 12628 --- [api-gateway] [           main] o.s.c.g.c.c.OnEnabledPredicate           : Condition OnEnabledPredicate on org.springframework.cloud.gateway.config.GatewayAutoConfiguration#cloudFoundryRouteServiceRoutePredicateFactory matched
2025-01-10T13:49:50.941Z TRACE 12628 --- [api-gateway] [           main] o.s.c.g.c.conditional.OnEnabledFilter    : Condition OnEnabledFilter on org.springframework.cloud.gateway.config.GatewayAutoConfiguration#addRequestHeaderGatewayFilterFactory matched
2025-01-10T13:49:50.942Z TRACE 12628 --- [api-gateway] [           main] o.s.c.g.c.conditional.OnEnabledFilter    : Condition OnEnabledFilter on org.springframework.cloud.gateway.config.GatewayAutoConfiguration#addRequestHeadersIfNotPresentGatewayFilterFactory matched
2025-01-10T13:49:50.942Z TRACE 12628 --- [api-gateway] [           main] o.s.c.g.c.conditional.OnEnabledFilter    : Condition OnEnabledFilter on org.springframework.cloud.gateway.config.GatewayAutoConfiguration#mapRequestHeaderGatewayFilterFactory matched
2025-01-10T13:49:50.943Z TRACE 12628 --- [api-gateway] [           main] o.s.c.g.c.conditional.OnEnabledFilter    : Condition OnEnabledFilter on org.springframework.cloud.gateway.config.GatewayAutoConfiguration#addRequestParameterGatewayFilterFactory matched
2025-01-10T13:49:50.944Z TRACE 12628 --- [api-gateway] [           main] o.s.c.g.c.conditional.OnEnabledFilter    : Condition OnEnabledFilter on org.springframework.cloud.gateway.config.GatewayAutoConfiguration#addResponseHeaderGatewayFilterFactory matched
2025-01-10T13:49:50.944Z TRACE 12628 --- [api-gateway] [           main] o.s.c.g.c.conditional.OnEnabledFilter    : Condition OnEnabledFilter on org.springframework.cloud.gateway.config.GatewayAutoConfiguration#modifyRequestBodyGatewayFilterFactory matched
2025-01-10T13:49:50.945Z TRACE 12628 --- [api-gateway] [           main] o.s.c.g.c.conditional.OnEnabledFilter    : Condition OnEnabledFilter on org.springframework.cloud.gateway.config.GatewayAutoConfiguration#dedupeResponseHeaderGatewayFilterFactory matched
2025-01-10T13:49:50.945Z TRACE 12628 --- [api-gateway] [           main] o.s.c.g.c.conditional.OnEnabledFilter    : Condition OnEnabledFilter on org.springframework.cloud.gateway.config.GatewayAutoConfiguration#modifyResponseBodyGatewayFilterFactory matched
2025-01-10T13:49:50.946Z TRACE 12628 --- [api-gateway] [           main] o.s.c.g.c.conditional.OnEnabledFilter    : Condition OnEnabledFilter on org.springframework.cloud.gateway.config.GatewayAutoConfiguration#cacheRequestBodyGatewayFilterFactory matched
2025-01-10T13:49:50.947Z TRACE 12628 --- [api-gateway] [           main] o.s.c.g.c.conditional.OnEnabledFilter    : Condition OnEnabledFilter on org.springframework.cloud.gateway.config.GatewayAutoConfiguration#prefixPathGatewayFilterFactory matched
2025-01-10T13:49:50.947Z TRACE 12628 --- [api-gateway] [           main] o.s.c.g.c.conditional.OnEnabledFilter    : Condition OnEnabledFilter on org.springframework.cloud.gateway.config.GatewayAutoConfiguration#preserveHostHeaderGatewayFilterFactory matched
2025-01-10T13:49:50.947Z TRACE 12628 --- [api-gateway] [           main] o.s.c.g.c.conditional.OnEnabledFilter    : Condition OnEnabledFilter on org.springframework.cloud.gateway.config.GatewayAutoConfiguration#redirectToGatewayFilterFactory matched
2025-01-10T13:49:50.948Z TRACE 12628 --- [api-gateway] [           main] o.s.c.g.c.conditional.OnEnabledFilter    : Condition OnEnabledFilter on org.springframework.cloud.gateway.config.GatewayAutoConfiguration#removeJsonAttributesResponseBodyGatewayFilterFactory matched
2025-01-10T13:49:50.948Z TRACE 12628 --- [api-gateway] [           main] o.s.c.g.c.conditional.OnEnabledFilter    : Condition OnEnabledFilter on org.springframework.cloud.gateway.config.GatewayAutoConfiguration#removeRequestHeaderGatewayFilterFactory matched
2025-01-10T13:49:50.949Z TRACE 12628 --- [api-gateway] [           main] o.s.c.g.c.conditional.OnEnabledFilter    : Condition OnEnabledFilter on org.springframework.cloud.gateway.config.GatewayAutoConfiguration#removeRequestParameterGatewayFilterFactory matched
2025-01-10T13:49:50.949Z TRACE 12628 --- [api-gateway] [           main] o.s.c.g.c.conditional.OnEnabledFilter    : Condition OnEnabledFilter on org.springframework.cloud.gateway.config.GatewayAutoConfiguration#removeResponseHeaderGatewayFilterFactory matched
2025-01-10T13:49:50.959Z TRACE 12628 --- [api-gateway] [           main] o.s.c.g.c.conditional.OnEnabledFilter    : Condition OnEnabledFilter on org.springframework.cloud.gateway.config.GatewayAutoConfiguration#rewritePathGatewayFilterFactory matched
2025-01-10T13:49:50.960Z TRACE 12628 --- [api-gateway] [           main] o.s.c.g.c.conditional.OnEnabledFilter    : Condition OnEnabledFilter on org.springframework.cloud.gateway.config.GatewayAutoConfiguration#retryGatewayFilterFactory matched
2025-01-10T13:49:50.961Z TRACE 12628 --- [api-gateway] [           main] o.s.c.g.c.conditional.OnEnabledFilter    : Condition OnEnabledFilter on org.springframework.cloud.gateway.config.GatewayAutoConfiguration#setPathGatewayFilterFactory matched
2025-01-10T13:49:50.962Z TRACE 12628 --- [api-gateway] [           main] o.s.c.g.c.conditional.OnEnabledFilter    : Condition OnEnabledFilter on org.springframework.cloud.gateway.config.GatewayAutoConfiguration#secureHeadersGatewayFilterFactory matched
2025-01-10T13:49:50.963Z TRACE 12628 --- [api-gateway] [           main] o.s.c.g.c.conditional.OnEnabledFilter    : Condition OnEnabledFilter on org.springframework.cloud.gateway.config.GatewayAutoConfiguration#setRequestHeaderGatewayFilterFactory matched
2025-01-10T13:49:50.963Z TRACE 12628 --- [api-gateway] [           main] o.s.c.g.c.conditional.OnEnabledFilter    : Condition OnEnabledFilter on org.springframework.cloud.gateway.config.GatewayAutoConfiguration#setRequestHostHeaderGatewayFilterFactory matched
2025-01-10T13:49:50.964Z TRACE 12628 --- [api-gateway] [           main] o.s.c.g.c.conditional.OnEnabledFilter    : Condition OnEnabledFilter on org.springframework.cloud.gateway.config.GatewayAutoConfiguration#setResponseHeaderGatewayFilterFactory matched
2025-01-10T13:49:50.965Z TRACE 12628 --- [api-gateway] [           main] o.s.c.g.c.conditional.OnEnabledFilter    : Condition OnEnabledFilter on org.springframework.cloud.gateway.config.GatewayAutoConfiguration#rewriteResponseHeaderGatewayFilterFactory matched
2025-01-10T13:49:50.965Z TRACE 12628 --- [api-gateway] [           main] o.s.c.g.c.conditional.OnEnabledFilter    : Condition OnEnabledFilter on org.springframework.cloud.gateway.config.GatewayAutoConfiguration#rewriteLocationResponseHeaderGatewayFilterFactory matched
2025-01-10T13:49:50.966Z TRACE 12628 --- [api-gateway] [           main] o.s.c.g.c.conditional.OnEnabledFilter    : Condition OnEnabledFilter on org.springframework.cloud.gateway.config.GatewayAutoConfiguration#setStatusGatewayFilterFactory matched
2025-01-10T13:49:50.966Z TRACE 12628 --- [api-gateway] [           main] o.s.c.g.c.conditional.OnEnabledFilter    : Condition OnEnabledFilter on org.springframework.cloud.gateway.config.GatewayAutoConfiguration#saveSessionGatewayFilterFactory matched
2025-01-10T13:49:50.967Z TRACE 12628 --- [api-gateway] [           main] o.s.c.g.c.conditional.OnEnabledFilter    : Condition OnEnabledFilter on org.springframework.cloud.gateway.config.GatewayAutoConfiguration#stripPrefixGatewayFilterFactory matched
2025-01-10T13:49:50.967Z TRACE 12628 --- [api-gateway] [           main] o.s.c.g.c.conditional.OnEnabledFilter    : Condition OnEnabledFilter on org.springframework.cloud.gateway.config.GatewayAutoConfiguration#requestHeaderToRequestUriGatewayFilterFactory matched
2025-01-10T13:49:50.968Z TRACE 12628 --- [api-gateway] [           main] o.s.c.g.c.conditional.OnEnabledFilter    : Condition OnEnabledFilter on org.springframework.cloud.gateway.config.GatewayAutoConfiguration#requestSizeGatewayFilterFactory matched
2025-01-10T13:49:50.968Z TRACE 12628 --- [api-gateway] [           main] o.s.c.g.c.conditional.OnEnabledFilter    : Condition OnEnabledFilter on org.springframework.cloud.gateway.config.GatewayAutoConfiguration#requestHeaderSizeGatewayFilterFactory matched
2025-01-10T13:49:50.969Z TRACE 12628 --- [api-gateway] [           main] o.s.c.g.c.conditional.OnEnabledFilter    : Condition OnEnabledFilter on org.springframework.cloud.gateway.config.GatewayAutoConfiguration#rewriteRequestParameterGatewayFilterFactory matched
2025-01-10T13:49:51.335Z  INFO 12628 --- [api-gateway] [           main] o.s.cloud.context.scope.GenericScope     : BeanFactory id=c57a40f4-6d77-3e79-a2ca-3e0f9737b6cb
2025-01-10T13:49:51.416Z  WARN 12628 --- [api-gateway] [           main] trationDelegate$BeanPostProcessorChecker : Bean 'org.springframework.cloud.client.loadbalancer.LoadBalancerAutoConfiguration$DeferringLoadBalancerInterceptorConfig' of type [org.springframework.cloud.client.loadbalancer.LoadBalancerAutoConfiguration$DeferringLoadBalancerInterceptorConfig] is not eligible for getting processed by all BeanPostProcessors (for example: not eligible for auto-proxying). The currently created BeanPostProcessor [lbRestClientPostProcessor] is declared through a non-static factory method on that class; consider declaring it as static instead.
2025-01-10T13:49:51.419Z  WARN 12628 --- [api-gateway] [           main] trationDelegate$BeanPostProcessorChecker : Bean 'deferringLoadBalancerInterceptor' of type [org.springframework.cloud.client.loadbalancer.DeferringLoadBalancerInterceptor] is not eligible for getting processed by all BeanPostProcessors (for example: not eligible for auto-proxying). Is this bean getting eagerly injected into a currently created BeanPostProcessor [lbRestClientPostProcessor]? Check the corresponding BeanPostProcessor declaration and its dependencies.
2025-01-10T13:49:51.422Z  WARN 12628 --- [api-gateway] [           main] trationDelegate$BeanPostProcessorChecker : Bean 'org.springframework.cloud.client.loadbalancer.reactive.LoadBalancerBeanPostProcessorAutoConfiguration' of type [org.springframework.cloud.client.loadbalancer.reactive.LoadBalancerBeanPostProcessorAutoConfiguration] is not eligible for getting processed by all BeanPostProcessors (for example: not eligible for auto-proxying). The currently created BeanPostProcessor [loadBalancerWebClientBuilderBeanPostProcessor] is declared through a non-static factory method on that class; consider declaring it as static instead.
2025-01-10T13:49:51.423Z  WARN 12628 --- [api-gateway] [           main] trationDelegate$BeanPostProcessorChecker : Bean 'org.springframework.cloud.client.loadbalancer.reactive.LoadBalancerBeanPostProcessorAutoConfiguration$ReactorDeferringLoadBalancerFilterConfig' of type [org.springframework.cloud.client.loadbalancer.reactive.LoadBalancerBeanPostProcessorAutoConfiguration$ReactorDeferringLoadBalancerFilterConfig] is not eligible for getting processed by all BeanPostProcessors (for example: not eligible for auto-proxying). Is this bean getting eagerly injected into a currently created BeanPostProcessor [loadBalancerWebClientBuilderBeanPostProcessor]? Check the corresponding BeanPostProcessor declaration and its dependencies.
2025-01-10T13:49:51.425Z  WARN 12628 --- [api-gateway] [           main] trationDelegate$BeanPostProcessorChecker : Bean 'reactorDeferringLoadBalancerExchangeFilterFunction' of type [org.springframework.cloud.client.loadbalancer.reactive.DeferringLoadBalancerExchangeFilterFunction] is not eligible for getting processed by all BeanPostProcessors (for example: not eligible for auto-proxying). Is this bean getting eagerly injected into a currently created BeanPostProcessor [loadBalancerWebClientBuilderBeanPostProcessor]? Check the corresponding BeanPostProcessor declaration and its dependencies.
2025-01-10T13:49:52.439Z DEBUG 12628 --- [api-gateway] [           main] o.s.c.gateway.config.GatewayProperties   : Routes supplied from Gateway Properties: [RouteDefinition{id='doctor-service', predicates=[PredicateDefinition{name='Path', args={_genkey_0=/api/doctor/**}}], filters=[FilterDefinition{name='AuthenticationFilter', args={}}], uri=lb://doctor-service, order=0, metadata={}}, RouteDefinition{id='discovery-server', predicates=[PredicateDefinition{name='Path', args={_genkey_0=/eureka/web}}], filters=[FilterDefinition{name='SetPath', args={_genkey_0=/}}], uri=http://localhost:8761, order=0, metadata={}}, RouteDefinition{id='discovery-server-static', predicates=[PredicateDefinition{name='Path', args={_genkey_0=/eureka/**}}], filters=[], uri=http://localhost:8761, order=0, metadata={}}, RouteDefinition{id='enrollment-service', predicates=[PredicateDefinition{name='Path', args={_genkey_0=/api/enrollment/**}}], filters=[FilterDefinition{name='AuthenticationFilter', args={}}], uri=lb://enrollment-service, order=0, metadata={}}, RouteDefinition{id='lab-service', predicates=[PredicateDefinition{name='Path', args={_genkey_0=/api/lab/**}}], filters=[FilterDefinition{name='AuthenticationFilter', args={}}], uri=lb://lab-service, order=0, metadata={}}]
2025-01-10T13:49:52.754Z  INFO 12628 --- [api-gateway] [           main] o.s.c.g.r.RouteDefinitionRouteLocator    : Loaded RoutePredicateFactory [After]
2025-01-10T13:49:52.754Z  INFO 12628 --- [api-gateway] [           main] o.s.c.g.r.RouteDefinitionRouteLocator    : Loaded RoutePredicateFactory [Before]
2025-01-10T13:49:52.755Z  INFO 12628 --- [api-gateway] [           main] o.s.c.g.r.RouteDefinitionRouteLocator    : Loaded RoutePredicateFactory [Between]
2025-01-10T13:49:52.755Z  INFO 12628 --- [api-gateway] [           main] o.s.c.g.r.RouteDefinitionRouteLocator    : Loaded RoutePredicateFactory [Cookie]
2025-01-10T13:49:52.755Z  INFO 12628 --- [api-gateway] [           main] o.s.c.g.r.RouteDefinitionRouteLocator    : Loaded RoutePredicateFactory [Header]
2025-01-10T13:49:52.755Z  INFO 12628 --- [api-gateway] [           main] o.s.c.g.r.RouteDefinitionRouteLocator    : Loaded RoutePredicateFactory [Host]
2025-01-10T13:49:52.755Z  INFO 12628 --- [api-gateway] [           main] o.s.c.g.r.RouteDefinitionRouteLocator    : Loaded RoutePredicateFactory [Method]
2025-01-10T13:49:52.755Z  INFO 12628 --- [api-gateway] [           main] o.s.c.g.r.RouteDefinitionRouteLocator    : Loaded RoutePredicateFactory [Path]
2025-01-10T13:49:52.755Z  INFO 12628 --- [api-gateway] [           main] o.s.c.g.r.RouteDefinitionRouteLocator    : Loaded RoutePredicateFactory [Query]
2025-01-10T13:49:52.755Z  INFO 12628 --- [api-gateway] [           main] o.s.c.g.r.RouteDefinitionRouteLocator    : Loaded RoutePredicateFactory [ReadBody]
2025-01-10T13:49:52.755Z  INFO 12628 --- [api-gateway] [           main] o.s.c.g.r.RouteDefinitionRouteLocator    : Loaded RoutePredicateFactory [RemoteAddr]
2025-01-10T13:49:52.755Z  INFO 12628 --- [api-gateway] [           main] o.s.c.g.r.RouteDefinitionRouteLocator    : Loaded RoutePredicateFactory [XForwardedRemoteAddr]
2025-01-10T13:49:52.755Z  INFO 12628 --- [api-gateway] [           main] o.s.c.g.r.RouteDefinitionRouteLocator    : Loaded RoutePredicateFactory [Weight]
2025-01-10T13:49:52.755Z  INFO 12628 --- [api-gateway] [           main] o.s.c.g.r.RouteDefinitionRouteLocator    : Loaded RoutePredicateFactory [CloudFoundryRouteService]
2025-01-10T13:49:53.433Z  INFO 12628 --- [api-gateway] [           main] DiscoveryClientOptionalArgsConfiguration : Eureka HTTP Client uses RestTemplate.
2025-01-10T13:49:53.524Z  WARN 12628 --- [api-gateway] [           main] iguration$LoadBalancerCaffeineWarnLogger : Spring Cloud LoadBalancer is currently working with the default cache. While this cache implementation is useful for development and tests, it's recommended to use Caffeine cache in production.You can switch to using Caffeine cache, by adding it and org.springframework.cache.caffeine.CaffeineCacheManager to the classpath.
2025-01-10T13:49:53.579Z  INFO 12628 --- [api-gateway] [           main] o.s.c.n.eureka.InstanceInfoFactory       : Setting initial instance status as: STARTING
2025-01-10T13:49:53.624Z  INFO 12628 --- [api-gateway] [           main] com.netflix.discovery.DiscoveryClient    : Initializing Eureka in region us-east-1
2025-01-10T13:49:53.629Z  INFO 12628 --- [api-gateway] [           main] c.n.d.s.r.aws.ConfigClusterResolver      : Resolving eureka endpoints via configuration
2025-01-10T13:49:53.648Z  INFO 12628 --- [api-gateway] [           main] com.netflix.discovery.DiscoveryClient    : Disable delta property : false
2025-01-10T13:49:53.648Z  INFO 12628 --- [api-gateway] [           main] com.netflix.discovery.DiscoveryClient    : Single vip registry refresh property : null
2025-01-10T13:49:53.648Z  INFO 12628 --- [api-gateway] [           main] com.netflix.discovery.DiscoveryClient    : Force full registry fetch : false
2025-01-10T13:49:53.648Z  INFO 12628 --- [api-gateway] [           main] com.netflix.discovery.DiscoveryClient    : Application is null : false
2025-01-10T13:49:53.648Z  INFO 12628 --- [api-gateway] [           main] com.netflix.discovery.DiscoveryClient    : Registered Applications size is zero : true
2025-01-10T13:49:53.649Z  INFO 12628 --- [api-gateway] [           main] com.netflix.discovery.DiscoveryClient    : Application version is -1: true
2025-01-10T13:49:53.649Z  INFO 12628 --- [api-gateway] [           main] com.netflix.discovery.DiscoveryClient    : Getting all instance registry info from the eureka server
2025-01-10T13:49:54.624Z  INFO 12628 --- [api-gateway] [           main] com.netflix.discovery.DiscoveryClient    : The response status is 200
2025-01-10T13:49:54.626Z  INFO 12628 --- [api-gateway] [           main] com.netflix.discovery.DiscoveryClient    : Starting heartbeat executor: renew interval is: 30
2025-01-10T13:49:54.629Z  INFO 12628 --- [api-gateway] [           main] c.n.discovery.InstanceInfoReplicator     : InstanceInfoReplicator onDemand update allowed rate per min is 4
2025-01-10T13:49:54.633Z  INFO 12628 --- [api-gateway] [           main] com.netflix.discovery.DiscoveryClient    : Discovery Client initialized at timestamp 1736516994631 with initial instances count: 0
2025-01-10T13:49:54.642Z  INFO 12628 --- [api-gateway] [           main] o.s.c.n.e.s.EurekaServiceRegistry        : Registering application API-GATEWAY with eureka with status UP
2025-01-10T13:49:54.644Z  INFO 12628 --- [api-gateway] [           main] com.netflix.discovery.DiscoveryClient    : Saw local status change event StatusChangeEvent [timestamp=1736516994644, current=UP, previous=STARTING]
2025-01-10T13:49:54.647Z  INFO 12628 --- [api-gateway] [foReplicator-%d] com.netflix.discovery.DiscoveryClient    : DiscoveryClient_API-GATEWAY/DESKTOP-3M97090:api-gateway:8080: registering service...
2025-01-10T13:49:54.691Z DEBUG 12628 --- [api-gateway] [           main] o.s.c.g.r.RouteDefinitionRouteLocator    : RouteDefinition doctor-service applying {_genkey_0=/api/doctor/**} to Path
2025-01-10T13:49:54.735Z DEBUG 12628 --- [api-gateway] [           main] o.s.c.g.r.RouteDefinitionRouteLocator    : RouteDefinition doctor-service applying filter {} to AuthenticationFilter
2025-01-10T13:49:54.750Z DEBUG 12628 --- [api-gateway] [           main] o.s.c.g.r.RouteDefinitionRouteLocator    : RouteDefinition matched: doctor-service
2025-01-10T13:49:54.750Z DEBUG 12628 --- [api-gateway] [           main] o.s.c.g.r.RouteDefinitionRouteLocator    : RouteDefinition discovery-server applying {_genkey_0=/eureka/web} to Path
2025-01-10T13:49:54.756Z DEBUG 12628 --- [api-gateway] [           main] o.s.c.g.r.RouteDefinitionRouteLocator    : RouteDefinition discovery-server applying filter {_genkey_0=/} to SetPath
2025-01-10T13:49:54.778Z DEBUG 12628 --- [api-gateway] [           main] o.s.c.g.r.RouteDefinitionRouteLocator    : RouteDefinition matched: discovery-server
2025-01-10T13:49:54.779Z DEBUG 12628 --- [api-gateway] [           main] o.s.c.g.r.RouteDefinitionRouteLocator    : RouteDefinition discovery-server-static applying {_genkey_0=/eureka/**} to Path
2025-01-10T13:49:54.782Z DEBUG 12628 --- [api-gateway] [           main] o.s.c.g.r.RouteDefinitionRouteLocator    : RouteDefinition matched: discovery-server-static
2025-01-10T13:49:54.782Z DEBUG 12628 --- [api-gateway] [           main] o.s.c.g.r.RouteDefinitionRouteLocator    : RouteDefinition enrollment-service applying {_genkey_0=/api/enrollment/**} to Path
2025-01-10T13:49:54.784Z DEBUG 12628 --- [api-gateway] [           main] o.s.c.g.r.RouteDefinitionRouteLocator    : RouteDefinition enrollment-service applying filter {} to AuthenticationFilter
2025-01-10T13:49:54.786Z DEBUG 12628 --- [api-gateway] [           main] o.s.c.g.r.RouteDefinitionRouteLocator    : RouteDefinition matched: enrollment-service
2025-01-10T13:49:54.786Z DEBUG 12628 --- [api-gateway] [           main] o.s.c.g.r.RouteDefinitionRouteLocator    : RouteDefinition lab-service applying {_genkey_0=/api/lab/**} to Path
2025-01-10T13:49:54.788Z DEBUG 12628 --- [api-gateway] [           main] o.s.c.g.r.RouteDefinitionRouteLocator    : RouteDefinition lab-service applying filter {} to AuthenticationFilter
2025-01-10T13:49:54.789Z DEBUG 12628 --- [api-gateway] [           main] o.s.c.g.r.RouteDefinitionRouteLocator    : RouteDefinition matched: lab-service
2025-01-10T13:49:54.959Z  INFO 12628 --- [api-gateway] [foReplicator-%d] com.netflix.discovery.DiscoveryClient    : DiscoveryClient_API-GATEWAY/DESKTOP-3M97090:api-gateway:8080 - registration status: 204
2025-01-10T13:49:55.009Z  INFO 12628 --- [api-gateway] [           main] o.s.b.web.embedded.netty.NettyWebServer  : Netty started on port 8080 (http)
2025-01-10T13:49:55.011Z  INFO 12628 --- [api-gateway] [           main] .s.c.n.e.s.EurekaAutoServiceRegistration : Updating port to 8080
2025-01-10T13:49:55.041Z DEBUG 12628 --- [api-gateway] [           main] o.s.c.g.r.RouteDefinitionRouteLocator    : RouteDefinition doctor-service applying {_genkey_0=/api/doctor/**} to Path
2025-01-10T13:49:55.046Z DEBUG 12628 --- [api-gateway] [           main] o.s.c.g.r.RouteDefinitionRouteLocator    : RouteDefinition doctor-service applying filter {} to AuthenticationFilter
2025-01-10T13:49:55.048Z DEBUG 12628 --- [api-gateway] [           main] o.s.c.g.r.RouteDefinitionRouteLocator    : RouteDefinition matched: doctor-service
2025-01-10T13:49:55.049Z DEBUG 12628 --- [api-gateway] [           main] o.s.c.g.r.RouteDefinitionRouteLocator    : RouteDefinition discovery-server applying {_genkey_0=/eureka/web} to Path
2025-01-10T13:49:55.053Z DEBUG 12628 --- [api-gateway] [           main] o.s.c.g.r.RouteDefinitionRouteLocator    : RouteDefinition discovery-server applying filter {_genkey_0=/} to SetPath
2025-01-10T13:49:55.057Z DEBUG 12628 --- [api-gateway] [           main] o.s.c.g.r.RouteDefinitionRouteLocator    : RouteDefinition matched: discovery-server
2025-01-10T13:49:55.057Z DEBUG 12628 --- [api-gateway] [           main] o.s.c.g.r.RouteDefinitionRouteLocator    : RouteDefinition discovery-server-static applying {_genkey_0=/eureka/**} to Path
2025-01-10T13:49:55.060Z DEBUG 12628 --- [api-gateway] [           main] o.s.c.g.r.RouteDefinitionRouteLocator    : RouteDefinition matched: discovery-server-static
2025-01-10T13:49:55.060Z DEBUG 12628 --- [api-gateway] [           main] o.s.c.g.r.RouteDefinitionRouteLocator    : RouteDefinition enrollment-service applying {_genkey_0=/api/enrollment/**} to Path
2025-01-10T13:49:55.063Z DEBUG 12628 --- [api-gateway] [           main] o.s.c.g.r.RouteDefinitionRouteLocator    : RouteDefinition enrollment-service applying filter {} to AuthenticationFilter
2025-01-10T13:49:55.066Z DEBUG 12628 --- [api-gateway] [           main] o.s.c.g.r.RouteDefinitionRouteLocator    : RouteDefinition matched: enrollment-service
2025-01-10T13:49:55.067Z DEBUG 12628 --- [api-gateway] [           main] o.s.c.g.r.RouteDefinitionRouteLocator    : RouteDefinition lab-service applying {_genkey_0=/api/lab/**} to Path
2025-01-10T13:49:55.070Z DEBUG 12628 --- [api-gateway] [           main] o.s.c.g.r.RouteDefinitionRouteLocator    : RouteDefinition lab-service applying filter {} to AuthenticationFilter
2025-01-10T13:49:55.072Z DEBUG 12628 --- [api-gateway] [           main] o.s.c.g.r.RouteDefinitionRouteLocator    : RouteDefinition matched: lab-service
2025-01-10T13:49:55.093Z  INFO 12628 --- [api-gateway] [           main] c.d.apigateway.ApiGatewayApplication     : Started ApiGatewayApplication in 6.689 seconds (process running for 7.822)
2025-01-10T13:50:24.630Z  INFO 12628 --- [api-gateway] [reshExecutor-%d] com.netflix.discovery.DiscoveryClient    : Disable delta property : false
2025-01-10T13:50:24.630Z  INFO 12628 --- [api-gateway] [reshExecutor-%d] com.netflix.discovery.DiscoveryClient    : Single vip registry refresh property : null
2025-01-10T13:50:24.630Z  INFO 12628 --- [api-gateway] [reshExecutor-%d] com.netflix.discovery.DiscoveryClient    : Force full registry fetch : false
2025-01-10T13:50:24.630Z  INFO 12628 --- [api-gateway] [reshExecutor-%d] com.netflix.discovery.DiscoveryClient    : Application is null : false
2025-01-10T13:50:24.630Z  INFO 12628 --- [api-gateway] [reshExecutor-%d] com.netflix.discovery.DiscoveryClient    : Registered Applications size is zero : true
2025-01-10T13:50:24.630Z  INFO 12628 --- [api-gateway] [reshExecutor-%d] com.netflix.discovery.DiscoveryClient    : Application version is -1: false
2025-01-10T13:50:24.630Z  INFO 12628 --- [api-gateway] [reshExecutor-%d] com.netflix.discovery.DiscoveryClient    : Getting all instance registry info from the eureka server
2025-01-10T13:50:24.682Z  INFO 12628 --- [api-gateway] [reshExecutor-%d] com.netflix.discovery.DiscoveryClient    : The response status is 200
2025-01-10T13:50:24.687Z DEBUG 12628 --- [api-gateway] [reshExecutor-%d] o.s.c.g.r.RouteDefinitionRouteLocator    : RouteDefinition doctor-service applying {_genkey_0=/api/doctor/**} to Path
2025-01-10T13:50:24.689Z DEBUG 12628 --- [api-gateway] [reshExecutor-%d] o.s.c.g.r.RouteDefinitionRouteLocator    : RouteDefinition doctor-service applying filter {} to AuthenticationFilter
2025-01-10T13:50:24.690Z DEBUG 12628 --- [api-gateway] [reshExecutor-%d] o.s.c.g.r.RouteDefinitionRouteLocator    : RouteDefinition matched: doctor-service
2025-01-10T13:50:24.691Z DEBUG 12628 --- [api-gateway] [reshExecutor-%d] o.s.c.g.r.RouteDefinitionRouteLocator    : RouteDefinition discovery-server applying {_genkey_0=/eureka/web} to Path
2025-01-10T13:50:24.693Z DEBUG 12628 --- [api-gateway] [reshExecutor-%d] o.s.c.g.r.RouteDefinitionRouteLocator    : RouteDefinition discovery-server applying filter {_genkey_0=/} to SetPath
2025-01-10T13:50:24.695Z DEBUG 12628 --- [api-gateway] [reshExecutor-%d] o.s.c.g.r.RouteDefinitionRouteLocator    : RouteDefinition matched: discovery-server
2025-01-10T13:50:24.695Z DEBUG 12628 --- [api-gateway] [reshExecutor-%d] o.s.c.g.r.RouteDefinitionRouteLocator    : RouteDefinition discovery-server-static applying {_genkey_0=/eureka/**} to Path
2025-01-10T13:50:24.697Z DEBUG 12628 --- [api-gateway] [reshExecutor-%d] o.s.c.g.r.RouteDefinitionRouteLocator    : RouteDefinition matched: discovery-server-static
2025-01-10T13:50:24.697Z DEBUG 12628 --- [api-gateway] [reshExecutor-%d] o.s.c.g.r.RouteDefinitionRouteLocator    : RouteDefinition enrollment-service applying {_genkey_0=/api/enrollment/**} to Path
2025-01-10T13:50:24.699Z DEBUG 12628 --- [api-gateway] [reshExecutor-%d] o.s.c.g.r.RouteDefinitionRouteLocator    : RouteDefinition enrollment-service applying filter {} to AuthenticationFilter
2025-01-10T13:50:24.700Z DEBUG 12628 --- [api-gateway] [reshExecutor-%d] o.s.c.g.r.RouteDefinitionRouteLocator    : RouteDefinition matched: enrollment-service
2025-01-10T13:50:24.700Z DEBUG 12628 --- [api-gateway] [reshExecutor-%d] o.s.c.g.r.RouteDefinitionRouteLocator    : RouteDefinition lab-service applying {_genkey_0=/api/lab/**} to Path
2025-01-10T13:50:24.702Z DEBUG 12628 --- [api-gateway] [reshExecutor-%d] o.s.c.g.r.RouteDefinitionRouteLocator    : RouteDefinition lab-service applying filter {} to AuthenticationFilter
2025-01-10T13:50:24.703Z DEBUG 12628 --- [api-gateway] [reshExecutor-%d] o.s.c.g.r.RouteDefinitionRouteLocator    : RouteDefinition matched: lab-service
2025-01-10T13:50:54.733Z DEBUG 12628 --- [api-gateway] [reshExecutor-%d] o.s.c.g.r.RouteDefinitionRouteLocator    : RouteDefinition doctor-service applying {_genkey_0=/api/doctor/**} to Path
2025-01-10T13:50:54.735Z DEBUG 12628 --- [api-gateway] [reshExecutor-%d] o.s.c.g.r.RouteDefinitionRouteLocator    : RouteDefinition doctor-service applying filter {} to AuthenticationFilter
2025-01-10T13:50:54.735Z DEBUG 12628 --- [api-gateway] [reshExecutor-%d] o.s.c.g.r.RouteDefinitionRouteLocator    : RouteDefinition matched: doctor-service
2025-01-10T13:50:54.735Z DEBUG 12628 --- [api-gateway] [reshExecutor-%d] o.s.c.g.r.RouteDefinitionRouteLocator    : RouteDefinition discovery-server applying {_genkey_0=/eureka/web} to Path
2025-01-10T13:50:54.737Z DEBUG 12628 --- [api-gateway] [reshExecutor-%d] o.s.c.g.r.RouteDefinitionRouteLocator    : RouteDefinition discovery-server applying filter {_genkey_0=/} to SetPath
2025-01-10T13:50:54.739Z DEBUG 12628 --- [api-gateway] [reshExecutor-%d] o.s.c.g.r.RouteDefinitionRouteLocator    : RouteDefinition matched: discovery-server
2025-01-10T13:50:54.740Z DEBUG 12628 --- [api-gateway] [reshExecutor-%d] o.s.c.g.r.RouteDefinitionRouteLocator    : RouteDefinition discovery-server-static applying {_genkey_0=/eureka/**} to Path
2025-01-10T13:50:54.741Z DEBUG 12628 --- [api-gateway] [reshExecutor-%d] o.s.c.g.r.RouteDefinitionRouteLocator    : RouteDefinition matched: discovery-server-static
2025-01-10T13:50:54.741Z DEBUG 12628 --- [api-gateway] [reshExecutor-%d] o.s.c.g.r.RouteDefinitionRouteLocator    : RouteDefinition enrollment-service applying {_genkey_0=/api/enrollment/**} to Path
2025-01-10T13:50:54.742Z DEBUG 12628 --- [api-gateway] [reshExecutor-%d] o.s.c.g.r.RouteDefinitionRouteLocator    : RouteDefinition enrollment-service applying filter {} to AuthenticationFilter
2025-01-10T13:50:54.744Z DEBUG 12628 --- [api-gateway] [reshExecutor-%d] o.s.c.g.r.RouteDefinitionRouteLocator    : RouteDefinition matched: enrollment-service
2025-01-10T13:50:54.744Z DEBUG 12628 --- [api-gateway] [reshExecutor-%d] o.s.c.g.r.RouteDefinitionRouteLocator    : RouteDefinition lab-service applying {_genkey_0=/api/lab/**} to Path
2025-01-10T13:50:54.745Z DEBUG 12628 --- [api-gateway] [reshExecutor-%d] o.s.c.g.r.RouteDefinitionRouteLocator    : RouteDefinition lab-service applying filter {} to AuthenticationFilter
2025-01-10T13:50:54.746Z DEBUG 12628 --- [api-gateway] [reshExecutor-%d] o.s.c.g.r.RouteDefinitionRouteLocator    : RouteDefinition matched: lab-service
