
  .   ____          _            __ _ _
 /\\ / ___'_ __ _ _(_)_ __  __ _ \ \ \ \
( ( )\___ | '_ | '_| | '_ \/ _` | \ \ \ \
 \\/  ___)| |_)| | | | | || (_| |  ) ) ) )
  '  |____| .__|_| |_|_| |_\__, | / / / /
 =========|_|==============|___/=/_/_/_/

 :: Spring Boot ::                (v3.3.2)

2025-01-10T13:49:54.440Z  INFO 14156 --- [enrollment-service] [           main] c.d.enrollment.EnrollmentApplication     : Starting EnrollmentApplication v1.0-SNAPSHOT using Java 23.0.1 with PID 14156 (C:\Users\YASH\Desktop\App22\dist\enr.jar started by YASH in C:\Users\YASH\Desktop\App22\dist)
2025-01-10T13:49:54.453Z  INFO 14156 --- [enrollment-service] [           main] c.d.enrollment.EnrollmentApplication     : No active profile set, falling back to 1 default profile: "default"
2025-01-10T13:49:56.159Z  INFO 14156 --- [enrollment-service] [           main] .s.d.r.c.RepositoryConfigurationDelegate : Bootstrapping Spring Data JPA repositories in DEFAULT mode.
2025-01-10T13:49:56.345Z  INFO 14156 --- [enrollment-service] [           main] .s.d.r.c.RepositoryConfigurationDelegate : Finished Spring Data repository scanning in 177 ms. Found 2 JPA repository interfaces.
2025-01-10T13:49:56.841Z  INFO 14156 --- [enrollment-service] [           main] o.s.cloud.context.scope.GenericScope     : BeanFactory id=1cdf63b8-d394-3432-94ef-cd52685658cb
2025-01-10T13:49:57.114Z  WARN 14156 --- [enrollment-service] [           main] trationDelegate$BeanPostProcessorChecker : Bean 'org.springframework.cloud.client.loadbalancer.LoadBalancerAutoConfiguration$DeferringLoadBalancerInterceptorConfig' of type [org.springframework.cloud.client.loadbalancer.LoadBalancerAutoConfiguration$DeferringLoadBalancerInterceptorConfig] is not eligible for getting processed by all BeanPostProcessors (for example: not eligible for auto-proxying). The currently created BeanPostProcessor [lbRestClientPostProcessor] is declared through a non-static factory method on that class; consider declaring it as static instead.
2025-01-10T13:49:57.118Z  WARN 14156 --- [enrollment-service] [           main] trationDelegate$BeanPostProcessorChecker : Bean 'deferringLoadBalancerInterceptor' of type [org.springframework.cloud.client.loadbalancer.DeferringLoadBalancerInterceptor] is not eligible for getting processed by all BeanPostProcessors (for example: not eligible for auto-proxying). Is this bean getting eagerly injected into a currently created BeanPostProcessor [lbRestClientPostProcessor]? Check the corresponding BeanPostProcessor declaration and its dependencies.
2025-01-10T13:49:57.124Z  WARN 14156 --- [enrollment-service] [           main] trationDelegate$BeanPostProcessorChecker : Bean 'org.springframework.cloud.client.loadbalancer.reactive.LoadBalancerBeanPostProcessorAutoConfiguration' of type [org.springframework.cloud.client.loadbalancer.reactive.LoadBalancerBeanPostProcessorAutoConfiguration] is not eligible for getting processed by all BeanPostProcessors (for example: not eligible for auto-proxying). The currently created BeanPostProcessor [loadBalancerWebClientBuilderBeanPostProcessor] is declared through a non-static factory method on that class; consider declaring it as static instead.
2025-01-10T13:49:57.127Z  WARN 14156 --- [enrollment-service] [           main] trationDelegate$BeanPostProcessorChecker : Bean 'org.springframework.cloud.client.loadbalancer.reactive.LoadBalancerBeanPostProcessorAutoConfiguration$ReactorDeferringLoadBalancerFilterConfig' of type [org.springframework.cloud.client.loadbalancer.reactive.LoadBalancerBeanPostProcessorAutoConfiguration$ReactorDeferringLoadBalancerFilterConfig] is not eligible for getting processed by all BeanPostProcessors (for example: not eligible for auto-proxying). Is this bean getting eagerly injected into a currently created BeanPostProcessor [loadBalancerWebClientBuilderBeanPostProcessor]? Check the corresponding BeanPostProcessor declaration and its dependencies.
2025-01-10T13:49:57.131Z  WARN 14156 --- [enrollment-service] [           main] trationDelegate$BeanPostProcessorChecker : Bean 'reactorDeferringLoadBalancerExchangeFilterFunction' of type [org.springframework.cloud.client.loadbalancer.reactive.DeferringLoadBalancerExchangeFilterFunction] is not eligible for getting processed by all BeanPostProcessors (for example: not eligible for auto-proxying). Is this bean getting eagerly injected into a currently created BeanPostProcessor [loadBalancerWebClientBuilderBeanPostProcessor]? Check the corresponding BeanPostProcessor declaration and its dependencies.
2025-01-10T13:49:57.552Z  INFO 14156 --- [enrollment-service] [           main] o.s.b.w.embedded.tomcat.TomcatWebServer  : Tomcat initialized with port 0 (http)
2025-01-10T13:49:57.571Z  INFO 14156 --- [enrollment-service] [           main] o.apache.catalina.core.StandardService   : Starting service [Tomcat]
2025-01-10T13:49:57.572Z  INFO 14156 --- [enrollment-service] [           main] o.apache.catalina.core.StandardEngine    : Starting Servlet engine: [Apache Tomcat/10.1.26]
2025-01-10T13:49:57.627Z  INFO 14156 --- [enrollment-service] [           main] o.a.c.c.C.[Tomcat].[localhost].[/]       : Initializing Spring embedded WebApplicationContext
2025-01-10T13:49:57.629Z  INFO 14156 --- [enrollment-service] [           main] w.s.c.ServletWebServerApplicationContext : Root WebApplicationContext: initialization completed in 2963 ms
2025-01-10T13:49:57.972Z  INFO 14156 --- [enrollment-service] [           main] o.hibernate.jpa.internal.util.LogHelper  : HHH000204: Processing PersistenceUnitInfo [name: default]
2025-01-10T13:49:58.093Z  INFO 14156 --- [enrollment-service] [           main] org.hibernate.Version                    : HHH000412: Hibernate ORM core version 6.5.2.Final
2025-01-10T13:49:58.226Z  INFO 14156 --- [enrollment-service] [           main] o.h.c.internal.RegionFactoryInitiator    : HHH000026: Second-level cache disabled
2025-01-10T13:49:58.824Z  INFO 14156 --- [enrollment-service] [           main] o.s.o.j.p.SpringPersistenceUnitInfo      : No LoadTimeWeaver setup: ignoring JPA class transformer
2025-01-10T13:49:58.863Z  INFO 14156 --- [enrollment-service] [           main] com.zaxxer.hikari.HikariDataSource       : HikariPool-1 - Starting...
2025-01-10T13:49:59.600Z  INFO 14156 --- [enrollment-service] [           main] com.zaxxer.hikari.pool.HikariPool        : HikariPool-1 - Added connection com.mysql.cj.jdbc.ConnectionImpl@4e647f39
2025-01-10T13:49:59.604Z  INFO 14156 --- [enrollment-service] [           main] com.zaxxer.hikari.HikariDataSource       : HikariPool-1 - Start completed.
2025-01-10T13:50:01.152Z  INFO 14156 --- [enrollment-service] [           main] o.h.e.t.j.p.i.JtaPlatformInitiator       : HHH000489: No JTA platform available (set 'hibernate.transaction.jta.platform' to enable JTA platform integration)
2025-01-10T13:50:01.273Z  INFO 14156 --- [enrollment-service] [           main] j.LocalContainerEntityManagerFactoryBean : Initialized JPA EntityManagerFactory for persistence unit 'default'
2025-01-10T13:50:02.061Z  INFO 14156 --- [enrollment-service] [           main] eAuthenticationProviderManagerConfigurer : Global AuthenticationManager configured with AuthenticationProvider bean with name authenticationProvider
2025-01-10T13:50:02.063Z  WARN 14156 --- [enrollment-service] [           main] r$InitializeUserDetailsManagerConfigurer : Global AuthenticationManager configured with an AuthenticationProvider bean. UserDetailsService beans will not be used for username/password login. Consider removing the AuthenticationProvider bean. Alternatively, consider using the UserDetailsService in a manually instantiated DaoAuthenticationProvider.
2025-01-10T13:50:02.101Z  WARN 14156 --- [enrollment-service] [           main] JpaBaseConfiguration$JpaWebConfiguration : spring.jpa.open-in-view is enabled by default. Therefore, database queries may be performed during view rendering. Explicitly configure spring.jpa.open-in-view to disable this warning
2025-01-10T13:50:04.071Z  INFO 14156 --- [enrollment-service] [           main] DiscoveryClientOptionalArgsConfiguration : Eureka HTTP Client uses RestTemplate.
2025-01-10T13:50:04.419Z  WARN 14156 --- [enrollment-service] [           main] iguration$LoadBalancerCaffeineWarnLogger : Spring Cloud LoadBalancer is currently working with the default cache. While this cache implementation is useful for development and tests, it's recommended to use Caffeine cache in production.You can switch to using Caffeine cache, by adding it and org.springframework.cache.caffeine.CaffeineCacheManager to the classpath.
2025-01-10T13:50:04.621Z  INFO 14156 --- [enrollment-service] [           main] o.s.b.w.embedded.tomcat.TomcatWebServer  : Tomcat started on port 59668 (http) with context path '/'
2025-01-10T13:50:04.624Z  INFO 14156 --- [enrollment-service] [           main] .s.c.n.e.s.EurekaAutoServiceRegistration : Updating port to 59668
2025-01-10T13:50:04.634Z  INFO 14156 --- [enrollment-service] [           main] o.s.c.n.eureka.InstanceInfoFactory       : Setting initial instance status as: STARTING
2025-01-10T13:50:04.700Z  INFO 14156 --- [enrollment-service] [           main] com.netflix.discovery.DiscoveryClient    : Initializing Eureka in region us-east-1
2025-01-10T13:50:04.705Z  INFO 14156 --- [enrollment-service] [           main] c.n.d.s.r.aws.ConfigClusterResolver      : Resolving eureka endpoints via configuration
2025-01-10T13:50:04.717Z  INFO 14156 --- [enrollment-service] [           main] com.netflix.discovery.DiscoveryClient    : Disable delta property : false
2025-01-10T13:50:04.717Z  INFO 14156 --- [enrollment-service] [           main] com.netflix.discovery.DiscoveryClient    : Single vip registry refresh property : null
2025-01-10T13:50:04.717Z  INFO 14156 --- [enrollment-service] [           main] com.netflix.discovery.DiscoveryClient    : Force full registry fetch : false
2025-01-10T13:50:04.717Z  INFO 14156 --- [enrollment-service] [           main] com.netflix.discovery.DiscoveryClient    : Application is null : false
2025-01-10T13:50:04.718Z  INFO 14156 --- [enrollment-service] [           main] com.netflix.discovery.DiscoveryClient    : Registered Applications size is zero : true
2025-01-10T13:50:04.718Z  INFO 14156 --- [enrollment-service] [           main] com.netflix.discovery.DiscoveryClient    : Application version is -1: true
2025-01-10T13:50:04.718Z  INFO 14156 --- [enrollment-service] [           main] com.netflix.discovery.DiscoveryClient    : Getting all instance registry info from the eureka server
2025-01-10T13:50:05.590Z  INFO 14156 --- [enrollment-service] [           main] com.netflix.discovery.DiscoveryClient    : The response status is 200
2025-01-10T13:50:05.594Z  INFO 14156 --- [enrollment-service] [           main] com.netflix.discovery.DiscoveryClient    : Starting heartbeat executor: renew interval is: 30
2025-01-10T13:50:05.608Z  INFO 14156 --- [enrollment-service] [           main] c.n.discovery.InstanceInfoReplicator     : InstanceInfoReplicator onDemand update allowed rate per min is 4
2025-01-10T13:50:05.615Z  INFO 14156 --- [enrollment-service] [           main] com.netflix.discovery.DiscoveryClient    : Discovery Client initialized at timestamp 1736517005613 with initial instances count: 1
2025-01-10T13:50:05.629Z  INFO 14156 --- [enrollment-service] [           main] o.s.c.n.e.s.EurekaServiceRegistry        : Registering application ENROLLMENT-SERVICE with eureka with status UP
2025-01-10T13:50:05.631Z  INFO 14156 --- [enrollment-service] [           main] com.netflix.discovery.DiscoveryClient    : Saw local status change event StatusChangeEvent [timestamp=1736517005631, current=UP, previous=STARTING]
2025-01-10T13:50:05.635Z  INFO 14156 --- [enrollment-service] [foReplicator-%d] com.netflix.discovery.DiscoveryClient    : DiscoveryClient_ENROLLMENT-SERVICE/DESKTOP-3M97090:enrollment-service:0: registering service...
2025-01-10T13:50:05.698Z  INFO 14156 --- [enrollment-service] [           main] c.d.enrollment.EnrollmentApplication     : Started EnrollmentApplication in 12.123 seconds (process running for 13.38)
2025-01-10T13:50:05.788Z  INFO 14156 --- [enrollment-service] [foReplicator-%d] com.netflix.discovery.DiscoveryClient    : DiscoveryClient_ENROLLMENT-SERVICE/DESKTOP-3M97090:enrollment-service:0 - registration status: 204
