
  .   ____          _            __ _ _
 /\\ / ___'_ __ _ _(_)_ __  __ _ \ \ \ \
( ( )\___ | '_ | '_| | '_ \/ _` | \ \ \ \
 \\/  ___)| |_)| | | | | || (_| |  ) ) ) )
  '  |____| .__|_| |_|_| |_\__, | / / / /
 =========|_|==============|___/=/_/_/_/

 :: Spring Boot ::                (v3.3.2)

2025-01-10T13:50:05.884Z  INFO 6872 --- [lab-service] [           main] com.dental.lab.LabApplication            : Starting LabApplication v1.0-SNAPSHOT using Java 23.0.1 with PID 6872 (C:\Users\YASH\Desktop\App22\dist\lab.jar started by YASH in C:\Users\YASH\Desktop\App22\dist)
2025-01-10T13:50:05.895Z  INFO 6872 --- [lab-service] [           main] com.dental.lab.LabApplication            : No active profile set, falling back to 1 default profile: "default"
2025-01-10T13:50:08.075Z  INFO 6872 --- [lab-service] [           main] .s.d.r.c.RepositoryConfigurationDelegate : Bootstrapping Spring Data JPA repositories in DEFAULT mode.
2025-01-10T13:50:08.384Z  INFO 6872 --- [lab-service] [           main] .s.d.r.c.RepositoryConfigurationDelegate : Finished Spring Data repository scanning in 299 ms. Found 8 JPA repository interfaces.
2025-01-10T13:50:09.089Z  INFO 6872 --- [lab-service] [           main] o.s.cloud.context.scope.GenericScope     : BeanFactory id=f5d2e893-ccc6-38f2-bd79-ec746af9a489
2025-01-10T13:50:09.440Z  WARN 6872 --- [lab-service] [           main] trationDelegate$BeanPostProcessorChecker : Bean 'org.springframework.cloud.client.loadbalancer.LoadBalancerAutoConfiguration$DeferringLoadBalancerInterceptorConfig' of type [org.springframework.cloud.client.loadbalancer.LoadBalancerAutoConfiguration$DeferringLoadBalancerInterceptorConfig] is not eligible for getting processed by all BeanPostProcessors (for example: not eligible for auto-proxying). The currently created BeanPostProcessor [lbRestClientPostProcessor] is declared through a non-static factory method on that class; consider declaring it as static instead.
2025-01-10T13:50:09.446Z  WARN 6872 --- [lab-service] [           main] trationDelegate$BeanPostProcessorChecker : Bean 'deferringLoadBalancerInterceptor' of type [org.springframework.cloud.client.loadbalancer.DeferringLoadBalancerInterceptor] is not eligible for getting processed by all BeanPostProcessors (for example: not eligible for auto-proxying). Is this bean getting eagerly injected into a currently created BeanPostProcessor [lbRestClientPostProcessor]? Check the corresponding BeanPostProcessor declaration and its dependencies.
2025-01-10T13:50:09.452Z  WARN 6872 --- [lab-service] [           main] trationDelegate$BeanPostProcessorChecker : Bean 'org.springframework.cloud.client.loadbalancer.reactive.LoadBalancerBeanPostProcessorAutoConfiguration' of type [org.springframework.cloud.client.loadbalancer.reactive.LoadBalancerBeanPostProcessorAutoConfiguration] is not eligible for getting processed by all BeanPostProcessors (for example: not eligible for auto-proxying). The currently created BeanPostProcessor [loadBalancerWebClientBuilderBeanPostProcessor] is declared through a non-static factory method on that class; consider declaring it as static instead.
2025-01-10T13:50:09.455Z  WARN 6872 --- [lab-service] [           main] trationDelegate$BeanPostProcessorChecker : Bean 'org.springframework.cloud.client.loadbalancer.reactive.LoadBalancerBeanPostProcessorAutoConfiguration$ReactorDeferringLoadBalancerFilterConfig' of type [org.springframework.cloud.client.loadbalancer.reactive.LoadBalancerBeanPostProcessorAutoConfiguration$ReactorDeferringLoadBalancerFilterConfig] is not eligible for getting processed by all BeanPostProcessors (for example: not eligible for auto-proxying). Is this bean getting eagerly injected into a currently created BeanPostProcessor [loadBalancerWebClientBuilderBeanPostProcessor]? Check the corresponding BeanPostProcessor declaration and its dependencies.
2025-01-10T13:50:09.459Z  WARN 6872 --- [lab-service] [           main] trationDelegate$BeanPostProcessorChecker : Bean 'reactorDeferringLoadBalancerExchangeFilterFunction' of type [org.springframework.cloud.client.loadbalancer.reactive.DeferringLoadBalancerExchangeFilterFunction] is not eligible for getting processed by all BeanPostProcessors (for example: not eligible for auto-proxying). Is this bean getting eagerly injected into a currently created BeanPostProcessor [loadBalancerWebClientBuilderBeanPostProcessor]? Check the corresponding BeanPostProcessor declaration and its dependencies.
2025-01-10T13:50:10.115Z  INFO 6872 --- [lab-service] [           main] o.s.b.w.embedded.tomcat.TomcatWebServer  : Tomcat initialized with port 0 (http)
2025-01-10T13:50:10.157Z  INFO 6872 --- [lab-service] [           main] o.apache.catalina.core.StandardService   : Starting service [Tomcat]
2025-01-10T13:50:10.158Z  INFO 6872 --- [lab-service] [           main] o.apache.catalina.core.StandardEngine    : Starting Servlet engine: [Apache Tomcat/10.1.26]
2025-01-10T13:50:10.295Z  INFO 6872 --- [lab-service] [           main] o.a.c.c.C.[Tomcat].[localhost].[/]       : Initializing Spring embedded WebApplicationContext
2025-01-10T13:50:10.298Z  INFO 6872 --- [lab-service] [           main] w.s.c.ServletWebServerApplicationContext : Root WebApplicationContext: initialization completed in 4081 ms
2025-01-10T13:50:10.734Z  INFO 6872 --- [lab-service] [           main] o.hibernate.jpa.internal.util.LogHelper  : HHH000204: Processing PersistenceUnitInfo [name: default]
2025-01-10T13:50:10.849Z  INFO 6872 --- [lab-service] [           main] org.hibernate.Version                    : HHH000412: Hibernate ORM core version 6.5.2.Final
2025-01-10T13:50:10.909Z  INFO 6872 --- [lab-service] [           main] o.h.c.internal.RegionFactoryInitiator    : HHH000026: Second-level cache disabled
2025-01-10T13:50:11.500Z  INFO 6872 --- [lab-service] [           main] o.s.o.j.p.SpringPersistenceUnitInfo      : No LoadTimeWeaver setup: ignoring JPA class transformer
2025-01-10T13:50:11.559Z  INFO 6872 --- [lab-service] [           main] com.zaxxer.hikari.HikariDataSource       : HikariPool-1 - Starting...
2025-01-10T13:50:12.257Z  INFO 6872 --- [lab-service] [           main] com.zaxxer.hikari.pool.HikariPool        : HikariPool-1 - Added connection com.mysql.cj.jdbc.ConnectionImpl@686e7513
2025-01-10T13:50:12.262Z  INFO 6872 --- [lab-service] [           main] com.zaxxer.hikari.HikariDataSource       : HikariPool-1 - Start completed.
2025-01-10T13:50:13.708Z  INFO 6872 --- [lab-service] [           main] o.h.e.t.j.p.i.JtaPlatformInitiator       : HHH000489: No JTA platform available (set 'hibernate.transaction.jta.platform' to enable JTA platform integration)
2025-01-10T13:50:13.905Z  INFO 6872 --- [lab-service] [           main] j.LocalContainerEntityManagerFactoryBean : Initialized JPA EntityManagerFactory for persistence unit 'default'
2025-01-10T13:50:14.577Z  INFO 6872 --- [lab-service] [           main] o.s.d.j.r.query.QueryEnhancerFactory     : Hibernate is in classpath; If applicable, HQL parser will be used.
2025-01-10T13:50:15.365Z  WARN 6872 --- [lab-service] [           main] JpaBaseConfiguration$JpaWebConfiguration : spring.jpa.open-in-view is enabled by default. Therefore, database queries may be performed during view rendering. Explicitly configure spring.jpa.open-in-view to disable this warning
2025-01-10T13:50:15.993Z  INFO 6872 --- [lab-service] [           main] DiscoveryClientOptionalArgsConfiguration : Eureka HTTP Client uses RestTemplate.
2025-01-10T13:50:16.096Z  WARN 6872 --- [lab-service] [           main] iguration$LoadBalancerCaffeineWarnLogger : Spring Cloud LoadBalancer is currently working with the default cache. While this cache implementation is useful for development and tests, it's recommended to use Caffeine cache in production.You can switch to using Caffeine cache, by adding it and org.springframework.cache.caffeine.CaffeineCacheManager to the classpath.
2025-01-10T13:50:16.215Z  INFO 6872 --- [lab-service] [           main] o.s.b.w.embedded.tomcat.TomcatWebServer  : Tomcat started on port 59698 (http) with context path '/'
2025-01-10T13:50:16.217Z  INFO 6872 --- [lab-service] [           main] .s.c.n.e.s.EurekaAutoServiceRegistration : Updating port to 59698
2025-01-10T13:50:16.223Z  INFO 6872 --- [lab-service] [           main] o.s.c.n.eureka.InstanceInfoFactory       : Setting initial instance status as: STARTING
2025-01-10T13:50:16.265Z  INFO 6872 --- [lab-service] [           main] com.netflix.discovery.DiscoveryClient    : Initializing Eureka in region us-east-1
2025-01-10T13:50:16.271Z  INFO 6872 --- [lab-service] [           main] c.n.d.s.r.aws.ConfigClusterResolver      : Resolving eureka endpoints via configuration
2025-01-10T13:50:16.283Z  INFO 6872 --- [lab-service] [           main] com.netflix.discovery.DiscoveryClient    : Disable delta property : false
2025-01-10T13:50:16.283Z  INFO 6872 --- [lab-service] [           main] com.netflix.discovery.DiscoveryClient    : Single vip registry refresh property : null
2025-01-10T13:50:16.283Z  INFO 6872 --- [lab-service] [           main] com.netflix.discovery.DiscoveryClient    : Force full registry fetch : false
2025-01-10T13:50:16.283Z  INFO 6872 --- [lab-service] [           main] com.netflix.discovery.DiscoveryClient    : Application is null : false
2025-01-10T13:50:16.283Z  INFO 6872 --- [lab-service] [           main] com.netflix.discovery.DiscoveryClient    : Registered Applications size is zero : true
2025-01-10T13:50:16.284Z  INFO 6872 --- [lab-service] [           main] com.netflix.discovery.DiscoveryClient    : Application version is -1: true
2025-01-10T13:50:16.284Z  INFO 6872 --- [lab-service] [           main] com.netflix.discovery.DiscoveryClient    : Getting all instance registry info from the eureka server
2025-01-10T13:50:16.747Z  INFO 6872 --- [lab-service] [           main] com.netflix.discovery.DiscoveryClient    : The response status is 200
2025-01-10T13:50:16.750Z  INFO 6872 --- [lab-service] [           main] com.netflix.discovery.DiscoveryClient    : Starting heartbeat executor: renew interval is: 30
2025-01-10T13:50:16.752Z  INFO 6872 --- [lab-service] [           main] c.n.discovery.InstanceInfoReplicator     : InstanceInfoReplicator onDemand update allowed rate per min is 4
2025-01-10T13:50:16.754Z  INFO 6872 --- [lab-service] [           main] com.netflix.discovery.DiscoveryClient    : Discovery Client initialized at timestamp 1736517016754 with initial instances count: 1
2025-01-10T13:50:16.759Z  INFO 6872 --- [lab-service] [           main] o.s.c.n.e.s.EurekaServiceRegistry        : Registering application LAB-SERVICE with eureka with status UP
2025-01-10T13:50:16.761Z  INFO 6872 --- [lab-service] [           main] com.netflix.discovery.DiscoveryClient    : Saw local status change event StatusChangeEvent [timestamp=1736517016761, current=UP, previous=STARTING]
2025-01-10T13:50:16.763Z  INFO 6872 --- [lab-service] [foReplicator-%d] com.netflix.discovery.DiscoveryClient    : DiscoveryClient_LAB-SERVICE/DESKTOP-3M97090:lab-service:0: registering service...
2025-01-10T13:50:16.804Z  INFO 6872 --- [lab-service] [           main] com.dental.lab.LabApplication            : Started LabApplication in 12.261 seconds (process running for 14.368)
2025-01-10T13:50:16.820Z  INFO 6872 --- [lab-service] [foReplicator-%d] com.netflix.discovery.DiscoveryClient    : DiscoveryClient_LAB-SERVICE/DESKTOP-3M97090:lab-service:0 - registration status: 204
